<?xml version="1.0" encoding="UTF-8"?>
<!-- Generated by org.testng.reporters.JUnitXMLReporter -->
<testsuite hostname="DESKTOP-6LL4OJF" ignored="0" name="Test" tests="11" failures="0" timestamp="14 Aug 2020 10:28:26 GMT" time="0.1" errors="0">
  <testcase name="lkgalphabets" time="0.017" classname="ksrtc.bmtc.lkg"/>
  <testcase name="lkgmaths" time="0.002" classname="ksrtc.bmtc.lkg"/>
  <testcase name="secondlabs" time="0.002" classname="ksrtc.bmtc.secondStandard"/>
  <testcase name="secondtourism" time="0.002" classname="ksrtc.bmtc.secondStandard"/>
  <testcase name="firstcomputers" time="0.003" classname="ksrtc.bmtc.firstStandard"/>
  <testcase name="firstsports" time="0.002" classname="ksrtc.bmtc.firstStandard"/>
  <testcase name="ukgmaths" time="0.002" classname="ksrtc.bmtc.ukg"/>
  <testcase name="ukgscience" time="0.001" classname="ksrtc.bmtc.ukg"/>
  <testcase name="thirdhistory" time="0.002" classname="ksrtc.bmtc.thirdStandard"/>
  <testcase name="thirdmoral" time="0.002" classname="ksrtc.bmtc.thirdStandard"/>
  <testcase name="thirdpolitics" time="0.002" classname="ksrtc.bmtc.thirdStandard"/>
</testsuite> <!-- Test -->
