<?xml version="1.0" encoding="UTF-8"?>
<testng-results skipped="0" failed="0" ignored="0" total="11" passed="11">
  <reporter-output>
  </reporter-output>
  <suite name="School" duration-ms="148" started-at="2020-08-14T10:33:25Z" finished-at="2020-08-14T10:33:25Z">
    <groups>
    </groups>
    <test name="PrimarySchool" duration-ms="68" started-at="2020-08-14T10:33:25Z" finished-at="2020-08-14T10:33:25Z">
      <class name="ksrtc.bmtc.ukg">
        <test-method status="PASS" signature="ukgmaths()[pri:0, instance:ksrtc.bmtc.ukg@46d56d67]" name="ukgmaths" duration-ms="2" started-at="2020-08-14T16:03:25Z" finished-at="2020-08-14T16:03:25Z">
          <reporter-output>
          </reporter-output>
        </test-method> <!-- ukgmaths -->
        <test-method status="PASS" signature="ukgscience()[pri:0, instance:ksrtc.bmtc.ukg@46d56d67]" name="ukgscience" duration-ms="4" started-at="2020-08-14T16:03:25Z" finished-at="2020-08-14T16:03:25Z">
          <reporter-output>
          </reporter-output>
        </test-method> <!-- ukgscience -->
      </class> <!-- ksrtc.bmtc.ukg -->
      <class name="ksrtc.bmtc.lkg">
        <test-method status="PASS" signature="lkgalphabets()[pri:0, instance:ksrtc.bmtc.lkg@4c70fda8]" name="lkgalphabets" duration-ms="19" started-at="2020-08-14T16:03:25Z" finished-at="2020-08-14T16:03:25Z">
          <reporter-output>
          </reporter-output>
        </test-method> <!-- lkgalphabets -->
        <test-method status="PASS" signature="lkgmaths()[pri:0, instance:ksrtc.bmtc.lkg@4c70fda8]" name="lkgmaths" duration-ms="2" started-at="2020-08-14T16:03:25Z" finished-at="2020-08-14T16:03:25Z">
          <reporter-output>
          </reporter-output>
        </test-method> <!-- lkgmaths -->
      </class> <!-- ksrtc.bmtc.lkg -->
    </test> <!-- PrimarySchool -->
    <test name="Highschool" duration-ms="27" started-at="2020-08-14T10:33:25Z" finished-at="2020-08-14T10:33:25Z">
      <class name="ksrtc.bmtc.thirdStandard">
        <test-method status="PASS" signature="thirdhistory()[pri:0, instance:ksrtc.bmtc.thirdStandard@6093dd95]" name="thirdhistory" duration-ms="1" started-at="2020-08-14T16:03:25Z" finished-at="2020-08-14T16:03:25Z">
          <reporter-output>
          </reporter-output>
        </test-method> <!-- thirdhistory -->
        <test-method status="PASS" signature="thirdmoral()[pri:0, instance:ksrtc.bmtc.thirdStandard@6093dd95]" name="thirdmoral" duration-ms="1" started-at="2020-08-14T16:03:25Z" finished-at="2020-08-14T16:03:25Z">
          <reporter-output>
          </reporter-output>
        </test-method> <!-- thirdmoral -->
        <test-method status="PASS" signature="thirdpolitics()[pri:0, instance:ksrtc.bmtc.thirdStandard@6093dd95]" name="thirdpolitics" duration-ms="1" started-at="2020-08-14T16:03:25Z" finished-at="2020-08-14T16:03:25Z">
          <reporter-output>
          </reporter-output>
        </test-method> <!-- thirdpolitics -->
      </class> <!-- ksrtc.bmtc.thirdStandard -->
      <class name="ksrtc.bmtc.secondStandard">
        <test-method status="PASS" signature="secondlabs()[pri:0, instance:ksrtc.bmtc.secondStandard@6d4b1c02]" name="secondlabs" duration-ms="1" started-at="2020-08-14T16:03:25Z" finished-at="2020-08-14T16:03:25Z">
          <reporter-output>
          </reporter-output>
        </test-method> <!-- secondlabs -->
        <test-method status="PASS" signature="secondtourism()[pri:0, instance:ksrtc.bmtc.secondStandard@6d4b1c02]" name="secondtourism" duration-ms="2" started-at="2020-08-14T16:03:25Z" finished-at="2020-08-14T16:03:25Z">
          <reporter-output>
          </reporter-output>
        </test-method> <!-- secondtourism -->
      </class> <!-- ksrtc.bmtc.secondStandard -->
      <class name="ksrtc.bmtc.firstStandard">
        <test-method status="PASS" signature="firstcomputers()[pri:0, instance:ksrtc.bmtc.firstStandard@7cd62f43]" name="firstcomputers" duration-ms="2" started-at="2020-08-14T16:03:25Z" finished-at="2020-08-14T16:03:25Z">
          <reporter-output>
          </reporter-output>
        </test-method> <!-- firstcomputers -->
        <test-method status="PASS" signature="firstsports()[pri:0, instance:ksrtc.bmtc.firstStandard@7cd62f43]" name="firstsports" duration-ms="2" started-at="2020-08-14T16:03:25Z" finished-at="2020-08-14T16:03:25Z">
          <reporter-output>
          </reporter-output>
        </test-method> <!-- firstsports -->
      </class> <!-- ksrtc.bmtc.firstStandard -->
    </test> <!-- Highschool -->
  </suite> <!-- School -->
</testng-results>
