<?xml version="1.0" encoding="UTF-8"?>
<!-- Generated by org.testng.reporters.JUnitXMLReporter -->
<testsuite hostname="DESKTOP-6LL4OJF" ignored="0" name="Highschool" tests="7" failures="0" timestamp="14 Aug 2020 11:00:06 GMT" time="0.01" errors="0">
  <testcase name="firstcomputers" time="0.0" classname="ksrtc.bmtc.firstStandard"/>
  <testcase name="firstsports" time="0.0" classname="ksrtc.bmtc.firstStandard"/>
  <testcase name="secondlabs" time="0.001" classname="ksrtc.bmtc.secondStandard"/>
  <testcase name="secondtourism" time="0.001" classname="ksrtc.bmtc.secondStandard"/>
  <testcase name="thirdhistory" time="0.001" classname="ksrtc.bmtc.thirdStandard"/>
  <testcase name="thirdmoral" time="0.0" classname="ksrtc.bmtc.thirdStandard"/>
  <testcase name="thirdpolitics" time="0.0" classname="ksrtc.bmtc.thirdStandard"/>
</testsuite> <!-- Highschool -->
