<?xml version="1.0" encoding="UTF-8"?>
<!-- Generated by org.testng.reporters.JUnitXMLReporter -->
<testsuite hostname="DESKTOP-6LL4OJF" ignored="0" name="PrimarySchool" tests="4" failures="0" timestamp="14 Aug 2020 11:00:06 GMT" time="0.058" errors="0">
  <testcase name="lkgalphabets" time="0.009" classname="ksrtc.bmtc.lkg"/>
  <testcase name="lkgmaths" time="0.001" classname="ksrtc.bmtc.lkg"/>
  <testcase name="ukgmaths" time="0.001" classname="ksrtc.bmtc.ukg"/>
  <testcase name="ukgscience" time="0.002" classname="ksrtc.bmtc.ukg"/>
</testsuite> <!-- PrimarySchool -->
